2022-10-31 14:10:22.499  INFO 9644 --- [main] c.e.demo.BookManagementApplication       : Starting BookManagementApplication using Java 17.0.3 on DESKTOP-4NNNFES with PID 9644 (C:\Users\BRANE - LAB\Desktop\Spring-boot-Book-CRUD-main\BookManagement\target\classes started by BRANE - LAB in C:\Users\BRANE - LAB\Desktop\Spring-boot-Book-CRUD-main\BookManagement)
2022-10-31 14:10:22.502  INFO 9644 --- [main] c.e.demo.BookManagementApplication       : No active profile set, falling back to 1 default profile: "default"
2022-10-31 14:10:22.779  INFO 9644 --- [main] .s.d.r.c.RepositoryConfigurationDelegate : Bootstrapping Spring Data MongoDB repositories in DEFAULT mode.
2022-10-31 14:10:22.804  INFO 9644 --- [main] .s.d.r.c.RepositoryConfigurationDelegate : Finished Spring Data repository scanning in 22 ms. Found 2 MongoDB repository interfaces.
2022-10-31 14:10:23.041  INFO 9644 --- [main] o.s.b.w.embedded.tomcat.TomcatWebServer  : Tomcat initialized with port(s): 8080 (http)
2022-10-31 14:10:23.048  INFO 9644 --- [main] o.apache.catalina.core.StandardService   : Starting service [Tomcat]
2022-10-31 14:10:23.048  INFO 9644 --- [main] org.apache.catalina.core.StandardEngine  : Starting Servlet engine: [Apache Tomcat/9.0.65]
2022-10-31 14:10:23.106  INFO 9644 --- [main] o.a.c.c.C.[Tomcat].[localhost].[/]       : Initializing Spring embedded WebApplicationContext
2022-10-31 14:10:23.106  INFO 9644 --- [main] w.s.c.ServletWebServerApplicationContext : Root WebApplicationContext: initialization completed in 578 ms
2022-10-31 14:10:23.296  INFO 9644 --- [main] org.mongodb.driver.client                : MongoClient with metadata {"driver": {"name": "mongo-java-driver|sync|spring-boot", "version": "4.6.1"}, "os": {"type": "Windows", "name": "Windows 10", "architecture": "amd64", "version": "10.0"}, "platform": "Java/Eclipse Adoptium/17.0.3+7"} created with settings MongoClientSettings{readPreference=primary, writeConcern=WriteConcern{w=null, wTimeout=null ms, journal=null}, retryWrites=true, retryReads=true, readConcern=ReadConcern{level=null}, credential=MongoCredential{mechanism=null, userName='admin', source='admin', password=<hidden>, mechanismProperties=<hidden>}, streamFactoryFactory=null, commandListeners=[], codecRegistry=ProvidersCodecRegistry{codecProviders=[ValueCodecProvider{}, BsonValueCodecProvider{}, DBRefCodecProvider{}, DBObjectCodecProvider{}, DocumentCodecProvider{}, IterableCodecProvider{}, MapCodecProvider{}, GeoJsonCodecProvider{}, GridFSFileCodecProvider{}, Jsr310CodecProvider{}, JsonObjectCodecProvider{}, BsonCodecProvider{}, EnumCodecProvider{}, com.mongodb.Jep395RecordCodecProvider@3a17b2e3]}, clusterSettings={hosts=[127.0.0.1:27017], srvHost=cluster0.r0sdgoq.mongodb.net, srvServiceName=mongodb, mode=MULTIPLE, requiredClusterType=REPLICA_SET, requiredReplicaSetName='atlas-izkpdz-shard-0', serverSelector='null', clusterListeners='[]', serverSelectionTimeout='30000 ms', localThreshold='30000 ms'}, socketSettings=SocketSettings{connectTimeoutMS=10000, readTimeoutMS=0, receiveBufferSize=0, sendBufferSize=0}, heartbeatSocketSettings=SocketSettings{connectTimeoutMS=10000, readTimeoutMS=10000, receiveBufferSize=0, sendBufferSize=0}, connectionPoolSettings=ConnectionPoolSettings{maxSize=100, minSize=0, maxWaitTimeMS=120000, maxConnectionLifeTimeMS=0, maxConnectionIdleTimeMS=0, maintenanceInitialDelayMS=0, maintenanceFrequencyMS=60000, connectionPoolListeners=[], maxConnecting=2}, serverSettings=ServerSettings{heartbeatFrequencyMS=10000, minHeartbeatFrequencyMS=500, serverListeners='[]', serverMonitorListeners='[]'}, sslSettings=SslSettings{enabled=true, invalidHostNameAllowed=false, context=null}, applicationName='null', compressorList=[], uuidRepresentation=JAVA_LEGACY, serverApi=null, autoEncryptionSettings=null, contextProvider=null}
2022-10-31 14:10:23.571  INFO 9644 --- [cluster-ClusterId{value='635f89f7e72c8246ec4314bb', description='null'}-srv-cluster0.r0sdgoq.mongodb.net] org.mongodb.driver.cluster               : Adding discovered server ac-ssqu1f3-shard-00-01.r0sdgoq.mongodb.net:27017 to client view of cluster
2022-10-31 14:10:23.593  INFO 9644 --- [cluster-ClusterId{value='635f89f7e72c8246ec4314bb', description='null'}-srv-cluster0.r0sdgoq.mongodb.net] org.mongodb.driver.cluster               : Adding discovered server ac-ssqu1f3-shard-00-00.r0sdgoq.mongodb.net:27017 to client view of cluster
2022-10-31 14:10:23.593  INFO 9644 --- [cluster-ClusterId{value='635f89f7e72c8246ec4314bb', description='null'}-srv-cluster0.r0sdgoq.mongodb.net] org.mongodb.driver.cluster               : Adding discovered server ac-ssqu1f3-shard-00-02.r0sdgoq.mongodb.net:27017 to client view of cluster
2022-10-31 14:10:23.686  INFO 9644 --- [main] o.s.b.w.embedded.tomcat.TomcatWebServer  : Tomcat started on port(s): 8080 (http) with context path ''
2022-10-31 14:10:23.692  INFO 9644 --- [main] c.e.demo.BookManagementApplication       : Started BookManagementApplication in 1.409 seconds (JVM running for 1.812)
2022-10-31 14:10:23.971  INFO 9644 --- [cluster-rtt-ClusterId{value='635f89f7e72c8246ec4314bb', description='null'}-ac-ssqu1f3-shard-00-00.r0sdgoq.mongodb.net:27017] org.mongodb.driver.connection            : Opened connection [connectionId{localValue:5, serverValue:139817}] to ac-ssqu1f3-shard-00-00.r0sdgoq.mongodb.net:27017
2022-10-31 14:10:23.971  INFO 9644 --- [cluster-ClusterId{value='635f89f7e72c8246ec4314bb', description='null'}-ac-ssqu1f3-shard-00-00.r0sdgoq.mongodb.net:27017] org.mongodb.driver.connection            : Opened connection [connectionId{localValue:3, serverValue:139817}] to ac-ssqu1f3-shard-00-00.r0sdgoq.mongodb.net:27017
2022-10-31 14:10:23.971  INFO 9644 --- [cluster-rtt-ClusterId{value='635f89f7e72c8246ec4314bb', description='null'}-ac-ssqu1f3-shard-00-01.r0sdgoq.mongodb.net:27017] org.mongodb.driver.connection            : Opened connection [connectionId{localValue:1, serverValue:138521}] to ac-ssqu1f3-shard-00-01.r0sdgoq.mongodb.net:27017
2022-10-31 14:10:23.971  INFO 9644 --- [cluster-ClusterId{value='635f89f7e72c8246ec4314bb', description='null'}-ac-ssqu1f3-shard-00-01.r0sdgoq.mongodb.net:27017] org.mongodb.driver.connection            : Opened connection [connectionId{localValue:2, serverValue:138521}] to ac-ssqu1f3-shard-00-01.r0sdgoq.mongodb.net:27017
2022-10-31 14:10:23.972  INFO 9644 --- [cluster-ClusterId{value='635f89f7e72c8246ec4314bb', description='null'}-ac-ssqu1f3-shard-00-01.r0sdgoq.mongodb.net:27017] org.mongodb.driver.cluster               : Monitor thread successfully connected to server with description ServerDescription{address=ac-ssqu1f3-shard-00-01.r0sdgoq.mongodb.net:27017, type=REPLICA_SET_SECONDARY, state=CONNECTED, ok=true, minWireVersion=0, maxWireVersion=13, maxDocumentSize=16777216, logicalSessionTimeoutMinutes=30, roundTripTimeNanos=266409300, setName='atlas-izkpdz-shard-0', canonicalAddress=ac-ssqu1f3-shard-00-01.r0sdgoq.mongodb.net:27017, hosts=[ac-ssqu1f3-shard-00-01.r0sdgoq.mongodb.net:27017, ac-ssqu1f3-shard-00-00.r0sdgoq.mongodb.net:27017, ac-ssqu1f3-shard-00-02.r0sdgoq.mongodb.net:27017], passives=[], arbiters=[], primary='ac-ssqu1f3-shard-00-02.r0sdgoq.mongodb.net:27017', tagSet=TagSet{[Tag{name='nodeType', value='ELECTABLE'}, Tag{name='provider', value='AWS'}, Tag{name='region', value='AP_SOUTH_1'}, Tag{name='workloadType', value='OPERATIONAL'}]}, electionId=null, setVersion=5, topologyVersion=TopologyVersion{processId=635a4f7850b891c8b6246a39, counter=3}, lastWriteDate=Mon Oct 31 14:10:23 IST 2022, lastUpdateTimeNanos=1037417703968500}
2022-10-31 14:10:23.972  INFO 9644 --- [cluster-ClusterId{value='635f89f7e72c8246ec4314bb', description='null'}-ac-ssqu1f3-shard-00-00.r0sdgoq.mongodb.net:27017] org.mongodb.driver.cluster               : Monitor thread successfully connected to server with description ServerDescription{address=ac-ssqu1f3-shard-00-00.r0sdgoq.mongodb.net:27017, type=REPLICA_SET_SECONDARY, state=CONNECTED, ok=true, minWireVersion=0, maxWireVersion=13, maxDocumentSize=16777216, logicalSessionTimeoutMinutes=30, roundTripTimeNanos=264747200, setName='atlas-izkpdz-shard-0', canonicalAddress=ac-ssqu1f3-shard-00-00.r0sdgoq.mongodb.net:27017, hosts=[ac-ssqu1f3-shard-00-01.r0sdgoq.mongodb.net:27017, ac-ssqu1f3-shard-00-00.r0sdgoq.mongodb.net:27017, ac-ssqu1f3-shard-00-02.r0sdgoq.mongodb.net:27017], passives=[], arbiters=[], primary='ac-ssqu1f3-shard-00-02.r0sdgoq.mongodb.net:27017', tagSet=TagSet{[Tag{name='nodeType', value='ELECTABLE'}, Tag{name='provider', value='AWS'}, Tag{name='region', value='AP_SOUTH_1'}, Tag{name='workloadType', value='OPERATIONAL'}]}, electionId=null, setVersion=5, topologyVersion=TopologyVersion{processId=635a4d3a4c3fe6d2dc1e69a5, counter=4}, lastWriteDate=Mon Oct 31 14:10:23 IST 2022, lastUpdateTimeNanos=1037417703968400}
2022-10-31 14:10:24.308  INFO 9644 --- [cluster-ClusterId{value='635f89f7e72c8246ec4314bb', description='null'}-ac-ssqu1f3-shard-00-02.r0sdgoq.mongodb.net:27017] org.mongodb.driver.connection            : Opened connection [connectionId{localValue:6, serverValue:152688}] to ac-ssqu1f3-shard-00-02.r0sdgoq.mongodb.net:27017
2022-10-31 14:10:24.308  INFO 9644 --- [cluster-ClusterId{value='635f89f7e72c8246ec4314bb', description='null'}-ac-ssqu1f3-shard-00-02.r0sdgoq.mongodb.net:27017] org.mongodb.driver.cluster               : Monitor thread successfully connected to server with description ServerDescription{address=ac-ssqu1f3-shard-00-02.r0sdgoq.mongodb.net:27017, type=REPLICA_SET_PRIMARY, state=CONNECTED, ok=true, minWireVersion=0, maxWireVersion=13, maxDocumentSize=16777216, logicalSessionTimeoutMinutes=30, roundTripTimeNanos=606163100, setName='atlas-izkpdz-shard-0', canonicalAddress=ac-ssqu1f3-shard-00-02.r0sdgoq.mongodb.net:27017, hosts=[ac-ssqu1f3-shard-00-01.r0sdgoq.mongodb.net:27017, ac-ssqu1f3-shard-00-00.r0sdgoq.mongodb.net:27017, ac-ssqu1f3-shard-00-02.r0sdgoq.mongodb.net:27017], passives=[], arbiters=[], primary='ac-ssqu1f3-shard-00-02.r0sdgoq.mongodb.net:27017', tagSet=TagSet{[Tag{name='nodeType', value='ELECTABLE'}, Tag{name='provider', value='AWS'}, Tag{name='region', value='AP_SOUTH_1'}, Tag{name='workloadType', value='OPERATIONAL'}]}, electionId=7fffffff00000000000000db, setVersion=5, topologyVersion=TopologyVersion{processId=635a4e5cec2c39a97c22db11, counter=6}, lastWriteDate=Mon Oct 31 14:10:24 IST 2022, lastUpdateTimeNanos=1037418040749900}
2022-10-31 14:10:24.308  INFO 9644 --- [cluster-ClusterId{value='635f89f7e72c8246ec4314bb', description='null'}-ac-ssqu1f3-shard-00-02.r0sdgoq.mongodb.net:27017] org.mongodb.driver.cluster               : Setting max election id to 7fffffff00000000000000db from replica set primary ac-ssqu1f3-shard-00-02.r0sdgoq.mongodb.net:27017
2022-10-31 14:10:24.308  INFO 9644 --- [cluster-ClusterId{value='635f89f7e72c8246ec4314bb', description='null'}-ac-ssqu1f3-shard-00-02.r0sdgoq.mongodb.net:27017] org.mongodb.driver.cluster               : Setting max set version to 5 from replica set primary ac-ssqu1f3-shard-00-02.r0sdgoq.mongodb.net:27017
2022-10-31 14:10:24.308  INFO 9644 --- [cluster-ClusterId{value='635f89f7e72c8246ec4314bb', description='null'}-ac-ssqu1f3-shard-00-02.r0sdgoq.mongodb.net:27017] org.mongodb.driver.cluster               : Discovered replica set primary ac-ssqu1f3-shard-00-02.r0sdgoq.mongodb.net:27017
2022-10-31 14:10:24.327  INFO 9644 --- [cluster-rtt-ClusterId{value='635f89f7e72c8246ec4314bb', description='null'}-ac-ssqu1f3-shard-00-02.r0sdgoq.mongodb.net:27017] org.mongodb.driver.connection            : Opened connection [connectionId{localValue:4, serverValue:152839}] to ac-ssqu1f3-shard-00-02.r0sdgoq.mongodb.net:27017
2022-10-31 14:11:33.784  INFO 9644 --- [http-nio-8080-exec-2] o.a.c.c.C.[Tomcat].[localhost].[/]       : Initializing Spring DispatcherServlet 'dispatcherServlet'
2022-10-31 14:11:33.784  INFO 9644 --- [http-nio-8080-exec-2] o.s.web.servlet.DispatcherServlet        : Initializing Servlet 'dispatcherServlet'
2022-10-31 14:11:33.784  INFO 9644 --- [http-nio-8080-exec-2] o.s.web.servlet.DispatcherServlet        : Completed initialization in 0 ms
2022-10-31 14:11:33.838  INFO 9644 --- [http-nio-8080-exec-2] c.e.demo.controller.BookController       : in createBook method
2022-10-31 14:11:33.838  INFO 9644 --- [http-nio-8080-exec-2] com.example.demo.service.BookService     : in addBook method
2022-10-31 14:11:34.102  INFO 9644 --- [http-nio-8080-exec-2] org.mongodb.driver.connection            : Opened connection [connectionId{localValue:7, serverValue:152789}] to ac-ssqu1f3-shard-00-02.r0sdgoq.mongodb.net:27017
2022-10-31 14:12:00.183  INFO 9644 --- [http-nio-8080-exec-3] c.e.demo.controller.BookController       : in createBook method
2022-10-31 14:12:00.184  INFO 9644 --- [http-nio-8080-exec-3] com.example.demo.service.BookService     : in addBook method
2022-10-31 14:14:36.422  INFO 9644 --- [http-nio-8080-exec-6] c.e.demo.controller.BookController       : in createBook method
2022-10-31 14:14:36.423  INFO 9644 --- [http-nio-8080-exec-6] com.example.demo.service.BookService     : in addBook method
2022-10-31 14:14:46.613  INFO 9644 --- [http-nio-8080-exec-7] c.e.demo.controller.BookController       : in showBookbyId method
2022-10-31 14:14:46.614  INFO 9644 --- [http-nio-8080-exec-7] com.example.demo.service.BookService     : in getBookById method
2022-10-31 14:14:49.498  INFO 9644 --- [http-nio-8080-exec-8] c.e.demo.controller.BookController       : in showBookbyId method
2022-10-31 14:14:49.498  INFO 9644 --- [http-nio-8080-exec-8] com.example.demo.service.BookService     : in getBookById method
2022-10-31 14:14:52.072  INFO 9644 --- [http-nio-8080-exec-9] c.e.demo.controller.BookController       : in showBookbyId method
2022-10-31 14:14:52.072  INFO 9644 --- [http-nio-8080-exec-9] com.example.demo.service.BookService     : in getBookById method
2022-10-31 14:14:54.713  INFO 9644 --- [http-nio-8080-exec-10] c.e.demo.controller.BookController       : in showBookbyId method
2022-10-31 14:14:54.714  INFO 9644 --- [http-nio-8080-exec-10] com.example.demo.service.BookService     : in getBookById method
2022-10-31 14:14:58.900  INFO 9644 --- [http-nio-8080-exec-1] c.e.demo.controller.BookController       : in showBookbyId method
2022-10-31 14:14:58.900  INFO 9644 --- [http-nio-8080-exec-1] com.example.demo.service.BookService     : in getBookById method
2022-10-31 14:15:02.397  INFO 9644 --- [http-nio-8080-exec-2] c.e.demo.controller.BookController       : in showBookbyId method
2022-10-31 14:15:02.397  INFO 9644 --- [http-nio-8080-exec-2] com.example.demo.service.BookService     : in getBookById method
2022-10-31 14:15:31.088  INFO 9644 --- [http-nio-8080-exec-3] c.e.demo.controller.BookController       : in showBookbyId method
2022-10-31 14:15:31.088  INFO 9644 --- [http-nio-8080-exec-3] com.example.demo.service.BookService     : in getBookById method
2022-10-31 14:15:35.966  INFO 9644 --- [http-nio-8080-exec-4] c.e.demo.controller.BookController       : in showBookbyId method
2022-10-31 14:15:35.966  INFO 9644 --- [http-nio-8080-exec-4] com.example.demo.service.BookService     : in getBookById method
